\BOOKMARK [0][-]{chapter.1}{\376\377\0001\000\040\000H\000i\000e\000r\000a\000r\000c\000h\000i\000c\000a\000l\000\040\000I\000n\000d\000e\000x}{}% 1
\BOOKMARK [1][-]{section.1.1}{\376\377\0001\000.\0001\000\040\000C\000l\000a\000s\000s\000\040\000H\000i\000e\000r\000a\000r\000c\000h\000y}{chapter.1}% 2
\BOOKMARK [0][-]{chapter.2}{\376\377\0002\000\040\000C\000l\000a\000s\000s\000\040\000I\000n\000d\000e\000x}{}% 3
\BOOKMARK [1][-]{section.2.1}{\376\377\0002\000.\0001\000\040\000C\000l\000a\000s\000s\000\040\000L\000i\000s\000t}{chapter.2}% 4
\BOOKMARK [0][-]{chapter.3}{\376\377\0003\000\040\000F\000i\000l\000e\000\040\000I\000n\000d\000e\000x}{}% 5
\BOOKMARK [1][-]{section.3.1}{\376\377\0003\000.\0001\000\040\000F\000i\000l\000e\000\040\000L\000i\000s\000t}{chapter.3}% 6
\BOOKMARK [0][-]{chapter.4}{\376\377\0004\000\040\000C\000l\000a\000s\000s\000\040\000D\000o\000c\000u\000m\000e\000n\000t\000a\000t\000i\000o\000n}{}% 7
\BOOKMARK [1][-]{section.4.1}{\376\377\0004\000.\0001\000\040\000A\000d\000m\000i\000n\000\040\000C\000l\000a\000s\000s\000\040\000R\000e\000f\000e\000r\000e\000n\000c\000e}{chapter.4}% 8
\BOOKMARK [2][-]{subsection.4.1.1}{\376\377\0004\000.\0001\000.\0001\000\040\000D\000e\000t\000a\000i\000l\000e\000d\000\040\000D\000e\000s\000c\000r\000i\000p\000t\000i\000o\000n}{section.4.1}% 9
\BOOKMARK [2][-]{subsection.4.1.2}{\376\377\0004\000.\0001\000.\0002\000\040\000C\000o\000n\000s\000t\000r\000u\000c\000t\000o\000r\000\040\000\046\000\040\000D\000e\000s\000t\000r\000u\000c\000t\000o\000r\000\040\000D\000o\000c\000u\000m\000e\000n\000t\000a\000t\000i\000o\000n}{section.4.1}% 10
\BOOKMARK [3][-]{subsubsection.4.1.2.1}{\376\377\0004\000.\0001\000.\0002\000.\0001\000\040\000A\000d\000m\000i\000n\000\050\000\051\000\040\000[\0001\000/\0002\000]}{subsection.4.1.2}% 11
\BOOKMARK [3][-]{subsubsection.4.1.2.2}{\376\377\0004\000.\0001\000.\0002\000.\0002\000\040\000A\000d\000m\000i\000n\000\050\000\051\000\040\000[\0002\000/\0002\000]}{subsection.4.1.2}% 12
\BOOKMARK [2][-]{subsection.4.1.3}{\376\377\0004\000.\0001\000.\0003\000\040\000M\000e\000m\000b\000e\000r\000\040\000F\000u\000n\000c\000t\000i\000o\000n\000\040\000D\000o\000c\000u\000m\000e\000n\000t\000a\000t\000i\000o\000n}{section.4.1}% 13
\BOOKMARK [3][-]{subsubsection.4.1.3.1}{\376\377\0004\000.\0001\000.\0003\000.\0001\000\040\000A\000d\000d\000F\000l\000i\000g\000h\000t\000\050\000\051}{subsection.4.1.3}% 14
\BOOKMARK [3][-]{subsubsection.4.1.3.2}{\376\377\0004\000.\0001\000.\0003\000.\0002\000\040\000A\000d\000d\000L\000u\000g\000g\000a\000g\000e\000I\000t\000e\000m\000\050\000\051}{subsection.4.1.3}% 15
\BOOKMARK [3][-]{subsubsection.4.1.3.3}{\376\377\0004\000.\0001\000.\0003\000.\0003\000\040\000A\000d\000d\000V\000e\000r\000i\000f\000i\000c\000a\000t\000i\000o\000n\000Q\000u\000e\000s\000t\000i\000o\000n\000\050\000\051}{subsection.4.1.3}% 16
\BOOKMARK [3][-]{subsubsection.4.1.3.4}{\376\377\0004\000.\0001\000.\0003\000.\0004\000\040\000M\000a\000n\000a\000g\000e\000U\000s\000e\000r\000s\000\050\000\051}{subsection.4.1.3}% 17
\BOOKMARK [1][-]{section.4.2}{\376\377\0004\000.\0002\000\040\000A\000u\000t\000h\000e\000n\000t\000i\000c\000a\000t\000i\000o\000n\000\040\000C\000l\000a\000s\000s\000\040\000R\000e\000f\000e\000r\000e\000n\000c\000e}{chapter.4}% 18
\BOOKMARK [2][-]{subsection.4.2.1}{\376\377\0004\000.\0002\000.\0001\000\040\000D\000e\000t\000a\000i\000l\000e\000d\000\040\000D\000e\000s\000c\000r\000i\000p\000t\000i\000o\000n}{section.4.2}% 19
\BOOKMARK [2][-]{subsection.4.2.2}{\376\377\0004\000.\0002\000.\0002\000\040\000C\000o\000n\000s\000t\000r\000u\000c\000t\000o\000r\000\040\000\046\000\040\000D\000e\000s\000t\000r\000u\000c\000t\000o\000r\000\040\000D\000o\000c\000u\000m\000e\000n\000t\000a\000t\000i\000o\000n}{section.4.2}% 20
\BOOKMARK [3][-]{subsubsection.4.2.2.1}{\376\377\0004\000.\0002\000.\0002\000.\0001\000\040\000A\000u\000t\000h\000e\000n\000t\000i\000c\000a\000t\000i\000o\000n\000\050\000\051}{subsection.4.2.2}% 21
\BOOKMARK [2][-]{subsection.4.2.3}{\376\377\0004\000.\0002\000.\0003\000\040\000M\000e\000m\000b\000e\000r\000\040\000F\000u\000n\000c\000t\000i\000o\000n\000\040\000D\000o\000c\000u\000m\000e\000n\000t\000a\000t\000i\000o\000n}{section.4.2}% 22
\BOOKMARK [3][-]{subsubsection.4.2.3.1}{\376\377\0004\000.\0002\000.\0003\000.\0001\000\040\000A\000u\000t\000h\000e\000n\000t\000i\000c\000a\000t\000e\000U\000s\000e\000r\000\050\000\051}{subsection.4.2.3}% 23
\BOOKMARK [3][-]{subsubsection.4.2.3.2}{\376\377\0004\000.\0002\000.\0003\000.\0002\000\040\000H\000a\000s\000h\000P\000a\000s\000s\000w\000o\000r\000d\000\050\000\051}{subsection.4.2.3}% 24
\BOOKMARK [3][-]{subsubsection.4.2.3.3}{\376\377\0004\000.\0002\000.\0003\000.\0003\000\040\000R\000e\000g\000i\000s\000t\000e\000r\000U\000s\000e\000r\000\050\000\051}{subsection.4.2.3}% 25
\BOOKMARK [1][-]{section.4.3}{\376\377\0004\000.\0003\000\040\000E\000n\000v\000P\000a\000r\000s\000e\000r\000\040\000C\000l\000a\000s\000s\000\040\000R\000e\000f\000e\000r\000e\000n\000c\000e}{chapter.4}% 26
\BOOKMARK [2][-]{subsection.4.3.1}{\376\377\0004\000.\0003\000.\0001\000\040\000D\000e\000t\000a\000i\000l\000e\000d\000\040\000D\000e\000s\000c\000r\000i\000p\000t\000i\000o\000n}{section.4.3}% 27
\BOOKMARK [2][-]{subsection.4.3.2}{\376\377\0004\000.\0003\000.\0002\000\040\000M\000e\000m\000b\000e\000r\000\040\000F\000u\000n\000c\000t\000i\000o\000n\000\040\000D\000o\000c\000u\000m\000e\000n\000t\000a\000t\000i\000o\000n}{section.4.3}% 28
\BOOKMARK [3][-]{subsubsection.4.3.2.1}{\376\377\0004\000.\0003\000.\0002\000.\0001\000\040\000G\000e\000t\000V\000a\000l\000u\000e\000\050\000\051}{subsection.4.3.2}% 29
\BOOKMARK [1][-]{section.4.4}{\376\377\0004\000.\0004\000\040\000F\000l\000i\000g\000h\000t\000C\000o\000n\000n\000e\000c\000t\000i\000o\000n\000\040\000C\000l\000a\000s\000s\000\040\000R\000e\000f\000e\000r\000e\000n\000c\000e}{chapter.4}% 30
\BOOKMARK [2][-]{subsection.4.4.1}{\376\377\0004\000.\0004\000.\0001\000\040\000D\000e\000t\000a\000i\000l\000e\000d\000\040\000D\000e\000s\000c\000r\000i\000p\000t\000i\000o\000n}{section.4.4}% 31
\BOOKMARK [2][-]{subsection.4.4.2}{\376\377\0004\000.\0004\000.\0002\000\040\000C\000o\000n\000s\000t\000r\000u\000c\000t\000o\000r\000\040\000\046\000\040\000D\000e\000s\000t\000r\000u\000c\000t\000o\000r\000\040\000D\000o\000c\000u\000m\000e\000n\000t\000a\000t\000i\000o\000n}{section.4.4}% 32
\BOOKMARK [3][-]{subsubsection.4.4.2.1}{\376\377\0004\000.\0004\000.\0002\000.\0001\000\040\000F\000l\000i\000g\000h\000t\000C\000o\000n\000n\000e\000c\000t\000i\000o\000n\000\050\000\051\000\040\000[\0001\000/\0002\000]}{subsection.4.4.2}% 33
\BOOKMARK [3][-]{subsubsection.4.4.2.2}{\376\377\0004\000.\0004\000.\0002\000.\0002\000\040\000F\000l\000i\000g\000h\000t\000C\000o\000n\000n\000e\000c\000t\000i\000o\000n\000\050\000\051\000\040\000[\0002\000/\0002\000]}{subsection.4.4.2}% 34
\BOOKMARK [2][-]{subsection.4.4.3}{\376\377\0004\000.\0004\000.\0003\000\040\000M\000e\000m\000b\000e\000r\000\040\000F\000u\000n\000c\000t\000i\000o\000n\000\040\000D\000o\000c\000u\000m\000e\000n\000t\000a\000t\000i\000o\000n}{section.4.4}% 35
\BOOKMARK [3][-]{subsubsection.4.4.3.1}{\376\377\0004\000.\0004\000.\0003\000.\0001\000\040\000F\000i\000n\000d\000A\000l\000l\000C\000o\000n\000n\000e\000c\000t\000i\000o\000n\000s\000\050\000\051}{subsection.4.4.3}% 36
\BOOKMARK [3][-]{subsubsection.4.4.3.2}{\376\377\0004\000.\0004\000.\0003\000.\0002\000\040\000F\000i\000n\000d\000C\000o\000n\000n\000e\000c\000t\000i\000o\000n\000\050\000\051}{subsection.4.4.3}% 37
\BOOKMARK [3][-]{subsubsection.4.4.3.3}{\376\377\0004\000.\0004\000.\0003\000.\0003\000\040\000F\000i\000n\000d\000C\000o\000n\000n\000e\000c\000t\000i\000o\000n\000B\000y\000I\000d\000\050\000\051}{subsection.4.4.3}% 38
\BOOKMARK [3][-]{subsubsection.4.4.3.4}{\376\377\0004\000.\0004\000.\0003\000.\0004\000\040\000F\000i\000n\000d\000C\000o\000n\000n\000e\000c\000t\000i\000o\000n\000B\000y\000P\000r\000i\000c\000e\000\050\000\051}{subsection.4.4.3}% 39
\BOOKMARK [3][-]{subsubsection.4.4.3.5}{\376\377\0004\000.\0004\000.\0003\000.\0005\000\040\000F\000i\000n\000d\000C\000o\000n\000n\000e\000c\000t\000i\000o\000n\000s\000B\000y\000D\000e\000p\000a\000r\000t\000u\000r\000e\000\050\000\051}{subsection.4.4.3}% 40
\BOOKMARK [3][-]{subsubsection.4.4.3.6}{\376\377\0004\000.\0004\000.\0003\000.\0006\000\040\000F\000i\000n\000d\000C\000o\000n\000n\000e\000c\000t\000i\000o\000n\000s\000B\000y\000D\000e\000s\000t\000i\000n\000a\000t\000i\000o\000n\000\050\000\051}{subsection.4.4.3}% 41
\BOOKMARK [3][-]{subsubsection.4.4.3.7}{\376\377\0004\000.\0004\000.\0003\000.\0007\000\040\000G\000e\000t\000A\000r\000r\000i\000v\000a\000l\000T\000i\000m\000e\000\050\000\051}{subsection.4.4.3}% 42
\BOOKMARK [3][-]{subsubsection.4.4.3.8}{\376\377\0004\000.\0004\000.\0003\000.\0008\000\040\000G\000e\000t\000A\000v\000a\000i\000l\000a\000b\000l\000e\000S\000e\000a\000t\000s\000\050\000\051}{subsection.4.4.3}% 43
\BOOKMARK [3][-]{subsubsection.4.4.3.9}{\376\377\0004\000.\0004\000.\0003\000.\0009\000\040\000G\000e\000t\000D\000e\000p\000a\000r\000t\000u\000r\000e\000C\000i\000t\000y\000\050\000\051}{subsection.4.4.3}% 44
\BOOKMARK [3][-]{subsubsection.4.4.3.10}{\376\377\0004\000.\0004\000.\0003\000.\0001\0000\000\040\000G\000e\000t\000D\000e\000p\000a\000r\000t\000u\000r\000e\000T\000i\000m\000e\000\050\000\051}{subsection.4.4.3}% 45
\BOOKMARK [3][-]{subsubsection.4.4.3.11}{\376\377\0004\000.\0004\000.\0003\000.\0001\0001\000\040\000G\000e\000t\000D\000e\000s\000t\000i\000n\000a\000t\000i\000o\000n\000C\000i\000t\000y\000\050\000\051}{subsection.4.4.3}% 46
\BOOKMARK [3][-]{subsubsection.4.4.3.12}{\376\377\0004\000.\0004\000.\0003\000.\0001\0002\000\040\000G\000e\000t\000I\000d\000e\000n\000t\000i\000f\000i\000e\000r\000\050\000\051}{subsection.4.4.3}% 47
\BOOKMARK [3][-]{subsubsection.4.4.3.13}{\376\377\0004\000.\0004\000.\0003\000.\0001\0003\000\040\000G\000e\000t\000P\000r\000i\000c\000e\000\050\000\051}{subsection.4.4.3}% 48
\BOOKMARK [3][-]{subsubsection.4.4.3.14}{\376\377\0004\000.\0004\000.\0003\000.\0001\0004\000\040\000G\000e\000t\000S\000e\000a\000t\000s\000T\000a\000k\000e\000n\000\050\000\051}{subsection.4.4.3}% 49
\BOOKMARK [3][-]{subsubsection.4.4.3.15}{\376\377\0004\000.\0004\000.\0003\000.\0001\0005\000\040\000U\000p\000d\000a\000t\000e\000S\000e\000a\000t\000s\000T\000a\000k\000e\000n\000\050\000\051}{subsection.4.4.3}% 50
\BOOKMARK [1][-]{section.4.5}{\376\377\0004\000.\0005\000\040\000F\000l\000i\000g\000h\000t\000I\000n\000f\000o\000\040\000S\000t\000r\000u\000c\000t\000\040\000R\000e\000f\000e\000r\000e\000n\000c\000e}{chapter.4}% 51
\BOOKMARK [2][-]{subsection.4.5.1}{\376\377\0004\000.\0005\000.\0001\000\040\000D\000e\000t\000a\000i\000l\000e\000d\000\040\000D\000e\000s\000c\000r\000i\000p\000t\000i\000o\000n}{section.4.5}% 52
\BOOKMARK [1][-]{section.4.6}{\376\377\0004\000.\0006\000\040\000I\000t\000e\000m\000\040\000C\000l\000a\000s\000s\000\040\000R\000e\000f\000e\000r\000e\000n\000c\000e}{chapter.4}% 53
\BOOKMARK [2][-]{subsection.4.6.1}{\376\377\0004\000.\0006\000.\0001\000\040\000D\000e\000t\000a\000i\000l\000e\000d\000\040\000D\000e\000s\000c\000r\000i\000p\000t\000i\000o\000n}{section.4.6}% 54
\BOOKMARK [2][-]{subsection.4.6.2}{\376\377\0004\000.\0006\000.\0002\000\040\000C\000o\000n\000s\000t\000r\000u\000c\000t\000o\000r\000\040\000\046\000\040\000D\000e\000s\000t\000r\000u\000c\000t\000o\000r\000\040\000D\000o\000c\000u\000m\000e\000n\000t\000a\000t\000i\000o\000n}{section.4.6}% 55
\BOOKMARK [3][-]{subsubsection.4.6.2.1}{\376\377\0004\000.\0006\000.\0002\000.\0001\000\040\000I\000t\000e\000m\000\050\000\051\000\040\000[\0001\000/\0002\000]}{subsection.4.6.2}% 56
\BOOKMARK [3][-]{subsubsection.4.6.2.2}{\376\377\0004\000.\0006\000.\0002\000.\0002\000\040\000I\000t\000e\000m\000\050\000\051\000\040\000[\0002\000/\0002\000]}{subsection.4.6.2}% 57
\BOOKMARK [2][-]{subsection.4.6.3}{\376\377\0004\000.\0006\000.\0003\000\040\000M\000e\000m\000b\000e\000r\000\040\000F\000u\000n\000c\000t\000i\000o\000n\000\040\000D\000o\000c\000u\000m\000e\000n\000t\000a\000t\000i\000o\000n}{section.4.6}% 58
\BOOKMARK [3][-]{subsubsection.4.6.3.1}{\376\377\0004\000.\0006\000.\0003\000.\0001\000\040\000G\000e\000t\000C\000a\000t\000e\000g\000o\000r\000y\000\050\000\051}{subsection.4.6.3}% 59
\BOOKMARK [3][-]{subsubsection.4.6.3.2}{\376\377\0004\000.\0006\000.\0003\000.\0002\000\040\000G\000e\000t\000D\000e\000s\000c\000r\000i\000p\000t\000i\000o\000n\000\050\000\051}{subsection.4.6.3}% 60
\BOOKMARK [3][-]{subsubsection.4.6.3.3}{\376\377\0004\000.\0006\000.\0003\000.\0003\000\040\000G\000e\000t\000H\000i\000n\000t\000s\000\050\000\051}{subsection.4.6.3}% 61
\BOOKMARK [3][-]{subsubsection.4.6.3.4}{\376\377\0004\000.\0006\000.\0003\000.\0004\000\040\000G\000e\000t\000I\000t\000e\000m\000N\000a\000m\000e\000\050\000\051}{subsection.4.6.3}% 62
\BOOKMARK [3][-]{subsubsection.4.6.3.5}{\376\377\0004\000.\0006\000.\0003\000.\0005\000\040\000G\000e\000t\000M\000a\000x\000C\000o\000u\000n\000t\000\050\000\051}{subsection.4.6.3}% 63
\BOOKMARK [3][-]{subsubsection.4.6.3.6}{\376\377\0004\000.\0006\000.\0003\000.\0006\000\040\000G\000e\000t\000P\000r\000o\000f\000e\000s\000s\000i\000o\000n\000\050\000\051}{subsection.4.6.3}% 64
\BOOKMARK [3][-]{subsubsection.4.6.3.7}{\376\377\0004\000.\0006\000.\0003\000.\0007\000\040\000G\000e\000t\000W\000e\000i\000g\000h\000t\000\050\000\051}{subsection.4.6.3}% 65
\BOOKMARK [3][-]{subsubsection.4.6.3.8}{\376\377\0004\000.\0006\000.\0003\000.\0008\000\040\000I\000s\000F\000o\000r\000b\000i\000d\000d\000e\000n\000\050\000\051}{subsection.4.6.3}% 66
\BOOKMARK [3][-]{subsubsection.4.6.3.9}{\376\377\0004\000.\0006\000.\0003\000.\0009\000\040\000I\000s\000H\000a\000n\000d\000L\000u\000g\000g\000a\000g\000e\000\050\000\051}{subsection.4.6.3}% 67
\BOOKMARK [3][-]{subsubsection.4.6.3.10}{\376\377\0004\000.\0006\000.\0003\000.\0001\0000\000\040\000I\000s\000P\000i\000l\000o\000t\000A\000l\000l\000o\000w\000a\000n\000c\000e\000\050\000\051}{subsection.4.6.3}% 68
\BOOKMARK [3][-]{subsubsection.4.6.3.11}{\376\377\0004\000.\0006\000.\0003\000.\0001\0001\000\040\000I\000s\000R\000e\000g\000i\000s\000t\000e\000r\000e\000d\000L\000u\000g\000g\000a\000g\000e\000\050\000\051}{subsection.4.6.3}% 69
\BOOKMARK [1][-]{section.4.7}{\376\377\0004\000.\0007\000\040\000L\000u\000g\000g\000a\000g\000e\000\040\000C\000l\000a\000s\000s\000\040\000R\000e\000f\000e\000r\000e\000n\000c\000e}{chapter.4}% 70
\BOOKMARK [2][-]{subsection.4.7.1}{\376\377\0004\000.\0007\000.\0001\000\040\000D\000e\000t\000a\000i\000l\000e\000d\000\040\000D\000e\000s\000c\000r\000i\000p\000t\000i\000o\000n}{section.4.7}% 71
\BOOKMARK [2][-]{subsection.4.7.2}{\376\377\0004\000.\0007\000.\0002\000\040\000C\000o\000n\000s\000t\000r\000u\000c\000t\000o\000r\000\040\000\046\000\040\000D\000e\000s\000t\000r\000u\000c\000t\000o\000r\000\040\000D\000o\000c\000u\000m\000e\000n\000t\000a\000t\000i\000o\000n}{section.4.7}% 72
\BOOKMARK [3][-]{subsubsection.4.7.2.1}{\376\377\0004\000.\0007\000.\0002\000.\0001\000\040\000L\000u\000g\000g\000a\000g\000e\000\050\000\051}{subsection.4.7.2}% 73
\BOOKMARK [2][-]{subsection.4.7.3}{\376\377\0004\000.\0007\000.\0003\000\040\000M\000e\000m\000b\000e\000r\000\040\000F\000u\000n\000c\000t\000i\000o\000n\000\040\000D\000o\000c\000u\000m\000e\000n\000t\000a\000t\000i\000o\000n}{section.4.7}% 74
\BOOKMARK [3][-]{subsubsection.4.7.3.1}{\376\377\0004\000.\0007\000.\0003\000.\0001\000\040\000C\000a\000l\000c\000u\000l\000a\000t\000e\000O\000v\000e\000r\000w\000e\000i\000g\000h\000t\000F\000e\000e\000\050\000\051}{subsection.4.7.3}% 75
\BOOKMARK [3][-]{subsubsection.4.7.3.2}{\376\377\0004\000.\0007\000.\0003\000.\0002\000\040\000C\000o\000n\000f\000i\000r\000m\000I\000t\000e\000m\000s\000\050\000\051}{subsection.4.7.3}% 76
\BOOKMARK [3][-]{subsubsection.4.7.3.3}{\376\377\0004\000.\0007\000.\0003\000.\0003\000\040\000P\000r\000o\000c\000e\000s\000s\000I\000t\000e\000m\000s\000A\000n\000d\000G\000e\000t\000W\000e\000i\000g\000h\000t\000\050\000\051}{subsection.4.7.3}% 77
\BOOKMARK [1][-]{section.4.8}{\376\377\0004\000.\0008\000\040\000U\000s\000e\000r\000\040\000C\000l\000a\000s\000s\000\040\000R\000e\000f\000e\000r\000e\000n\000c\000e}{chapter.4}% 78
\BOOKMARK [2][-]{subsection.4.8.1}{\376\377\0004\000.\0008\000.\0001\000\040\000D\000e\000t\000a\000i\000l\000e\000d\000\040\000D\000e\000s\000c\000r\000i\000p\000t\000i\000o\000n}{section.4.8}% 79
\BOOKMARK [2][-]{subsection.4.8.2}{\376\377\0004\000.\0008\000.\0002\000\040\000C\000o\000n\000s\000t\000r\000u\000c\000t\000o\000r\000\040\000\046\000\040\000D\000e\000s\000t\000r\000u\000c\000t\000o\000r\000\040\000D\000o\000c\000u\000m\000e\000n\000t\000a\000t\000i\000o\000n}{section.4.8}% 80
\BOOKMARK [3][-]{subsubsection.4.8.2.1}{\376\377\0004\000.\0008\000.\0002\000.\0001\000\040\000U\000s\000e\000r\000\050\000\051}{subsection.4.8.2}% 81
\BOOKMARK [2][-]{subsection.4.8.3}{\376\377\0004\000.\0008\000.\0003\000\040\000M\000e\000m\000b\000e\000r\000\040\000F\000u\000n\000c\000t\000i\000o\000n\000\040\000D\000o\000c\000u\000m\000e\000n\000t\000a\000t\000i\000o\000n}{section.4.8}% 82
\BOOKMARK [3][-]{subsubsection.4.8.3.1}{\376\377\0004\000.\0008\000.\0003\000.\0001\000\040\000U\000p\000d\000a\000t\000e\000U\000s\000e\000r\000I\000n\000D\000a\000t\000a\000b\000a\000s\000e\000\050\000\051}{subsection.4.8.3}% 83
\BOOKMARK [0][-]{chapter.5}{\376\377\0005\000\040\000F\000i\000l\000e\000\040\000D\000o\000c\000u\000m\000e\000n\000t\000a\000t\000i\000o\000n}{}% 84
\BOOKMARK [1][-]{section.5.1}{\376\377\0005\000.\0001\000\040\000a\000d\000m\000i\000n\000/\000a\000d\000m\000i\000n\000.\000h\000\040\000F\000i\000l\000e\000\040\000R\000e\000f\000e\000r\000e\000n\000c\000e}{chapter.5}% 85
\BOOKMARK [2][-]{subsection.5.1.1}{\376\377\0005\000.\0001\000.\0001\000\040\000D\000e\000t\000a\000i\000l\000e\000d\000\040\000D\000e\000s\000c\000r\000i\000p\000t\000i\000o\000n}{section.5.1}% 86
\BOOKMARK [1][-]{section.5.2}{\376\377\0005\000.\0002\000\040\000a\000d\000m\000i\000n\000.\000h}{chapter.5}% 87
\BOOKMARK [1][-]{section.5.3}{\376\377\0005\000.\0003\000\040\000a\000d\000m\000i\000n\000/\000a\000d\000m\000i\000n\000\137\000f\000u\000n\000c\000t\000i\000o\000n\000s\000/\000a\000d\000m\000i\000n\000\137\000f\000u\000n\000c\000t\000i\000o\000n\000s\000.\000h\000\040\000F\000i\000l\000e\000\040\000R\000e\000f\000e\000r\000e\000n\000c\000e}{chapter.5}% 88
\BOOKMARK [2][-]{subsection.5.3.1}{\376\377\0005\000.\0003\000.\0001\000\040\000D\000e\000t\000a\000i\000l\000e\000d\000\040\000D\000e\000s\000c\000r\000i\000p\000t\000i\000o\000n}{section.5.3}% 89
\BOOKMARK [2][-]{subsection.5.3.2}{\376\377\0005\000.\0003\000.\0002\000\040\000F\000u\000n\000c\000t\000i\000o\000n\000\040\000D\000o\000c\000u\000m\000e\000n\000t\000a\000t\000i\000o\000n}{section.5.3}% 90
\BOOKMARK [3][-]{subsubsection.5.3.2.1}{\376\377\0005\000.\0003\000.\0002\000.\0001\000\040\000C\000a\000p\000t\000u\000r\000e\000B\000o\000o\000l\000W\000i\000t\000h\000V\000a\000l\000i\000d\000a\000t\000i\000o\000n\000\050\000\051}{subsection.5.3.2}% 91
\BOOKMARK [3][-]{subsubsection.5.3.2.2}{\376\377\0005\000.\0003\000.\0002\000.\0002\000\040\000C\000a\000p\000t\000u\000r\000e\000I\000n\000p\000u\000t\000W\000i\000t\000h\000V\000a\000l\000i\000d\000a\000t\000i\000o\000n\000\050\000\051}{subsection.5.3.2}% 92
\BOOKMARK [3][-]{subsubsection.5.3.2.3}{\376\377\0005\000.\0003\000.\0002\000.\0003\000\040\000C\000a\000p\000t\000u\000r\000e\000L\000i\000n\000e\000W\000i\000t\000h\000V\000a\000l\000i\000d\000a\000t\000i\000o\000n\000\050\000\051}{subsection.5.3.2}% 93
\BOOKMARK [3][-]{subsubsection.5.3.2.4}{\376\377\0005\000.\0003\000.\0002\000.\0004\000\040\000H\000a\000n\000d\000l\000e\000A\000d\000m\000i\000n\000D\000a\000s\000h\000b\000o\000a\000r\000d\000\050\000\051}{subsection.5.3.2}% 94
\BOOKMARK [3][-]{subsubsection.5.3.2.5}{\376\377\0005\000.\0003\000.\0002\000.\0005\000\040\000P\000r\000o\000c\000e\000s\000s\000A\000d\000d\000i\000n\000g\000F\000l\000i\000g\000h\000t\000\050\000\051}{subsection.5.3.2}% 95
\BOOKMARK [1][-]{section.5.4}{\376\377\0005\000.\0004\000\040\000a\000d\000m\000i\000n\000\137\000f\000u\000n\000c\000t\000i\000o\000n\000s\000.\000h}{chapter.5}% 96
\BOOKMARK [1][-]{section.5.5}{\376\377\0005\000.\0005\000\040\000a\000d\000m\000i\000n\000/\000a\000d\000m\000i\000n\000\137\000f\000u\000n\000c\000t\000i\000o\000n\000s\000/\000v\000a\000l\000i\000d\000a\000t\000o\000r\000s\000.\000h\000\040\000F\000i\000l\000e\000\040\000R\000e\000f\000e\000r\000e\000n\000c\000e}{chapter.5}% 97
\BOOKMARK [2][-]{subsection.5.5.1}{\376\377\0005\000.\0005\000.\0001\000\040\000D\000e\000t\000a\000i\000l\000e\000d\000\040\000D\000e\000s\000c\000r\000i\000p\000t\000i\000o\000n}{section.5.5}% 98
\BOOKMARK [2][-]{subsection.5.5.2}{\376\377\0005\000.\0005\000.\0002\000\040\000F\000u\000n\000c\000t\000i\000o\000n\000\040\000D\000o\000c\000u\000m\000e\000n\000t\000a\000t\000i\000o\000n}{section.5.5}% 99
\BOOKMARK [3][-]{subsubsection.5.5.2.1}{\376\377\0005\000.\0005\000.\0002\000.\0001\000\040\000V\000a\000l\000i\000d\000a\000t\000e\000C\000i\000t\000y\000\050\000\051}{subsection.5.5.2}% 100
\BOOKMARK [3][-]{subsubsection.5.5.2.2}{\376\377\0005\000.\0005\000.\0002\000.\0002\000\040\000V\000a\000l\000i\000d\000a\000t\000e\000D\000a\000t\000e\000\050\000\051}{subsection.5.5.2}% 101
\BOOKMARK [3][-]{subsubsection.5.5.2.3}{\376\377\0005\000.\0005\000.\0002\000.\0003\000\040\000V\000a\000l\000i\000d\000a\000t\000e\000F\000l\000i\000g\000h\000t\000I\000d\000\050\000\051}{subsection.5.5.2}% 102
\BOOKMARK [3][-]{subsubsection.5.5.2.4}{\376\377\0005\000.\0005\000.\0002\000.\0004\000\040\000V\000a\000l\000i\000d\000a\000t\000e\000N\000o\000n\000E\000m\000p\000t\000y\000\050\000\051}{subsection.5.5.2}% 103
\BOOKMARK [3][-]{subsubsection.5.5.2.5}{\376\377\0005\000.\0005\000.\0002\000.\0005\000\040\000V\000a\000l\000i\000d\000a\000t\000e\000P\000r\000i\000c\000e\000\050\000\051}{subsection.5.5.2}% 104
\BOOKMARK [3][-]{subsubsection.5.5.2.6}{\376\377\0005\000.\0005\000.\0002\000.\0006\000\040\000V\000a\000l\000i\000d\000a\000t\000e\000S\000o\000l\000u\000t\000i\000o\000n\000\050\000\051}{subsection.5.5.2}% 105
\BOOKMARK [3][-]{subsubsection.5.5.2.7}{\376\377\0005\000.\0005\000.\0002\000.\0007\000\040\000V\000a\000l\000i\000d\000a\000t\000e\000T\000i\000m\000e\000\050\000\051}{subsection.5.5.2}% 106
\BOOKMARK [1][-]{section.5.6}{\376\377\0005\000.\0006\000\040\000v\000a\000l\000i\000d\000a\000t\000o\000r\000s\000.\000h}{chapter.5}% 107
\BOOKMARK [1][-]{section.5.7}{\376\377\0005\000.\0007\000\040\000a\000d\000m\000i\000n\000/\000a\000d\000m\000i\000n\000\137\000p\000r\000i\000n\000t\000s\000/\000a\000d\000m\000i\000n\000\137\000p\000r\000i\000n\000t\000s\000.\000h\000\040\000F\000i\000l\000e\000\040\000R\000e\000f\000e\000r\000e\000n\000c\000e}{chapter.5}% 108
\BOOKMARK [2][-]{subsection.5.7.1}{\376\377\0005\000.\0007\000.\0001\000\040\000D\000e\000t\000a\000i\000l\000e\000d\000\040\000D\000e\000s\000c\000r\000i\000p\000t\000i\000o\000n}{section.5.7}% 109
\BOOKMARK [2][-]{subsection.5.7.2}{\376\377\0005\000.\0007\000.\0002\000\040\000F\000u\000n\000c\000t\000i\000o\000n\000\040\000D\000o\000c\000u\000m\000e\000n\000t\000a\000t\000i\000o\000n}{section.5.7}% 110
\BOOKMARK [3][-]{subsubsection.5.7.2.1}{\376\377\0005\000.\0007\000.\0002\000.\0001\000\040\000D\000i\000s\000p\000l\000a\000y\000A\000d\000m\000i\000n\000M\000e\000s\000s\000a\000g\000e\000A\000n\000d\000C\000a\000p\000t\000u\000r\000e\000I\000n\000p\000u\000t\000\050\000\051}{subsection.5.7.2}% 111
\BOOKMARK [3][-]{subsubsection.5.7.2.2}{\376\377\0005\000.\0007\000.\0002\000.\0002\000\040\000D\000i\000s\000p\000l\000a\000y\000A\000d\000m\000i\000n\000M\000e\000s\000s\000a\000g\000e\000A\000n\000d\000C\000a\000p\000t\000u\000r\000e\000L\000i\000n\000e\000\050\000\051}{subsection.5.7.2}% 112
\BOOKMARK [1][-]{section.5.8}{\376\377\0005\000.\0008\000\040\000a\000d\000m\000i\000n\000\137\000p\000r\000i\000n\000t\000s\000.\000h}{chapter.5}% 113
\BOOKMARK [1][-]{section.5.9}{\376\377\0005\000.\0009\000\040\000a\000u\000t\000h\000e\000n\000t\000i\000c\000a\000t\000i\000o\000n\000/\000a\000u\000t\000h\000\137\000f\000u\000n\000c\000t\000i\000o\000n\000s\000/\000u\000s\000e\000r\000\137\000a\000u\000t\000h\000e\000n\000t\000i\000c\000a\000t\000i\000o\000n\000.\000h\000\040\000F\000i\000l\000e\000\040\000R\000e\000f\000e\000r\000e\000n\000c\000e}{chapter.5}% 114
\BOOKMARK [2][-]{subsection.5.9.1}{\376\377\0005\000.\0009\000.\0001\000\040\000D\000e\000t\000a\000i\000l\000e\000d\000\040\000D\000e\000s\000c\000r\000i\000p\000t\000i\000o\000n}{section.5.9}% 115
\BOOKMARK [2][-]{subsection.5.9.2}{\376\377\0005\000.\0009\000.\0002\000\040\000F\000u\000n\000c\000t\000i\000o\000n\000\040\000D\000o\000c\000u\000m\000e\000n\000t\000a\000t\000i\000o\000n}{section.5.9}% 116
\BOOKMARK [3][-]{subsubsection.5.9.2.1}{\376\377\0005\000.\0009\000.\0002\000.\0001\000\040\000H\000a\000n\000d\000l\000e\000L\000o\000g\000i\000n\000\050\000\051}{subsection.5.9.2}% 117
\BOOKMARK [3][-]{subsubsection.5.9.2.2}{\376\377\0005\000.\0009\000.\0002\000.\0002\000\040\000H\000a\000n\000d\000l\000e\000R\000e\000g\000i\000s\000t\000r\000a\000t\000i\000o\000n\000\050\000\051}{subsection.5.9.2}% 118
\BOOKMARK [3][-]{subsubsection.5.9.2.3}{\376\377\0005\000.\0009\000.\0002\000.\0003\000\040\000L\000o\000g\000i\000n\000\050\000\051}{subsection.5.9.2}% 119
\BOOKMARK [3][-]{subsubsection.5.9.2.4}{\376\377\0005\000.\0009\000.\0002\000.\0004\000\040\000R\000e\000g\000i\000s\000t\000e\000r\000U\000s\000e\000r\000\050\000\051}{subsection.5.9.2}% 120
\BOOKMARK [1][-]{section.5.10}{\376\377\0005\000.\0001\0000\000\040\000u\000s\000e\000r\000\137\000a\000u\000t\000h\000e\000n\000t\000i\000c\000a\000t\000i\000o\000n\000.\000h}{chapter.5}% 121
\BOOKMARK [1][-]{section.5.11}{\376\377\0005\000.\0001\0001\000\040\000a\000u\000t\000h\000e\000n\000t\000i\000c\000a\000t\000i\000o\000n\000/\000a\000u\000t\000h\000e\000n\000t\000i\000c\000a\000t\000i\000o\000n\000.\000h\000\040\000F\000i\000l\000e\000\040\000R\000e\000f\000e\000r\000e\000n\000c\000e}{chapter.5}% 122
\BOOKMARK [2][-]{subsection.5.11.1}{\376\377\0005\000.\0001\0001\000.\0001\000\040\000D\000e\000t\000a\000i\000l\000e\000d\000\040\000D\000e\000s\000c\000r\000i\000p\000t\000i\000o\000n}{section.5.11}% 123
\BOOKMARK [1][-]{section.5.12}{\376\377\0005\000.\0001\0002\000\040\000a\000u\000t\000h\000e\000n\000t\000i\000c\000a\000t\000i\000o\000n\000.\000h}{chapter.5}% 124
\BOOKMARK [1][-]{section.5.13}{\376\377\0005\000.\0001\0003\000\040\000c\000h\000e\000c\000k\000i\000n\000/\000c\000h\000e\000c\000k\000i\000n\000\137\000p\000r\000i\000n\000t\000s\000.\000h\000\040\000F\000i\000l\000e\000\040\000R\000e\000f\000e\000r\000e\000n\000c\000e}{chapter.5}% 125
\BOOKMARK [2][-]{subsection.5.13.1}{\376\377\0005\000.\0001\0003\000.\0001\000\040\000D\000e\000t\000a\000i\000l\000e\000d\000\040\000D\000e\000s\000c\000r\000i\000p\000t\000i\000o\000n}{section.5.13}% 126
\BOOKMARK [2][-]{subsection.5.13.2}{\376\377\0005\000.\0001\0003\000.\0002\000\040\000F\000u\000n\000c\000t\000i\000o\000n\000\040\000D\000o\000c\000u\000m\000e\000n\000t\000a\000t\000i\000o\000n}{section.5.13}% 127
\BOOKMARK [3][-]{subsubsection.5.13.2.1}{\376\377\0005\000.\0001\0003\000.\0002\000.\0001\000\040\000P\000r\000i\000n\000t\000C\000h\000e\000c\000k\000i\000n\000S\000c\000r\000e\000e\000n\000\050\000\051}{subsection.5.13.2}% 128
\BOOKMARK [1][-]{section.5.14}{\376\377\0005\000.\0001\0004\000\040\000c\000h\000e\000c\000k\000i\000n\000\137\000p\000r\000i\000n\000t\000s\000.\000h}{chapter.5}% 129
\BOOKMARK [1][-]{section.5.15}{\376\377\0005\000.\0001\0005\000\040\000e\000n\000v\000/\000e\000n\000v\000.\000h\000\040\000F\000i\000l\000e\000\040\000R\000e\000f\000e\000r\000e\000n\000c\000e}{chapter.5}% 130
\BOOKMARK [2][-]{subsection.5.15.1}{\376\377\0005\000.\0001\0005\000.\0001\000\040\000D\000e\000t\000a\000i\000l\000e\000d\000\040\000D\000e\000s\000c\000r\000i\000p\000t\000i\000o\000n}{section.5.15}% 131
\BOOKMARK [1][-]{section.5.16}{\376\377\0005\000.\0001\0006\000\040\000e\000n\000v\000.\000h}{chapter.5}% 132
\BOOKMARK [1][-]{section.5.17}{\376\377\0005\000.\0001\0007\000\040\000f\000l\000i\000g\000h\000t\000s\000/\000f\000l\000i\000g\000h\000t\000\137\000c\000o\000n\000n\000e\000c\000t\000i\000o\000n\000.\000h\000\040\000F\000i\000l\000e\000\040\000R\000e\000f\000e\000r\000e\000n\000c\000e}{chapter.5}% 133
\BOOKMARK [2][-]{subsection.5.17.1}{\376\377\0005\000.\0001\0007\000.\0001\000\040\000D\000e\000t\000a\000i\000l\000e\000d\000\040\000D\000e\000s\000c\000r\000i\000p\000t\000i\000o\000n}{section.5.17}% 134
\BOOKMARK [1][-]{section.5.18}{\376\377\0005\000.\0001\0008\000\040\000f\000l\000i\000g\000h\000t\000\137\000c\000o\000n\000n\000e\000c\000t\000i\000o\000n\000.\000h}{chapter.5}% 135
\BOOKMARK [1][-]{section.5.19}{\376\377\0005\000.\0001\0009\000\040\000f\000u\000n\000c\000t\000i\000o\000n\000s\000/\000h\000e\000l\000p\000e\000r\000s\000.\000h\000\040\000F\000i\000l\000e\000\040\000R\000e\000f\000e\000r\000e\000n\000c\000e}{chapter.5}% 136
\BOOKMARK [2][-]{subsection.5.19.1}{\376\377\0005\000.\0001\0009\000.\0001\000\040\000D\000e\000t\000a\000i\000l\000e\000d\000\040\000D\000e\000s\000c\000r\000i\000p\000t\000i\000o\000n}{section.5.19}% 137
\BOOKMARK [2][-]{subsection.5.19.2}{\376\377\0005\000.\0001\0009\000.\0002\000\040\000F\000u\000n\000c\000t\000i\000o\000n\000\040\000D\000o\000c\000u\000m\000e\000n\000t\000a\000t\000i\000o\000n}{section.5.19}% 138
\BOOKMARK [3][-]{subsubsection.5.19.2.1}{\376\377\0005\000.\0001\0009\000.\0002\000.\0001\000\040\000C\000o\000u\000n\000t\000d\000o\000w\000n\000\050\000\051}{subsection.5.19.2}% 139
\BOOKMARK [3][-]{subsubsection.5.19.2.2}{\376\377\0005\000.\0001\0009\000.\0002\000.\0002\000\040\000E\000x\000t\000r\000a\000c\000t\000F\000i\000l\000e\000N\000a\000m\000e\000\050\000\051}{subsection.5.19.2}% 140
\BOOKMARK [3][-]{subsubsection.5.19.2.3}{\376\377\0005\000.\0001\0009\000.\0002\000.\0003\000\040\000H\000a\000s\000h\000S\000t\000r\000i\000n\000g\000\050\000\051}{subsection.5.19.2}% 141
\BOOKMARK [3][-]{subsubsection.5.19.2.4}{\376\377\0005\000.\0001\0009\000.\0002\000.\0004\000\040\000S\000e\000t\000C\000e\000l\000l\000C\000o\000l\000o\000r\000\050\000\051}{subsection.5.19.2}% 142
\BOOKMARK [1][-]{section.5.20}{\376\377\0005\000.\0002\0000\000\040\000h\000e\000l\000p\000e\000r\000s\000.\000h}{chapter.5}% 143
\BOOKMARK [1][-]{section.5.21}{\376\377\0005\000.\0002\0001\000\040\000i\000n\000f\000o\000\137\000p\000r\000i\000n\000t\000s\000.\000h}{chapter.5}% 144
\BOOKMARK [1][-]{section.5.22}{\376\377\0005\000.\0002\0002\000\040\000m\000a\000i\000n\000\137\000h\000a\000n\000d\000l\000e\000r\000.\000h}{chapter.5}% 145
\BOOKMARK [1][-]{section.5.23}{\376\377\0005\000.\0002\0003\000\040\000f\000u\000n\000c\000t\000i\000o\000n\000s\000/\000m\000a\000i\000n\000\137\000p\000r\000i\000n\000t\000s\000/\000m\000a\000i\000n\000\137\000p\000r\000i\000n\000t\000s\000.\000h\000\040\000F\000i\000l\000e\000\040\000R\000e\000f\000e\000r\000e\000n\000c\000e}{chapter.5}% 146
\BOOKMARK [2][-]{subsection.5.23.1}{\376\377\0005\000.\0002\0003\000.\0001\000\040\000D\000e\000t\000a\000i\000l\000e\000d\000\040\000D\000e\000s\000c\000r\000i\000p\000t\000i\000o\000n}{section.5.23}% 147
\BOOKMARK [2][-]{subsection.5.23.2}{\376\377\0005\000.\0002\0003\000.\0002\000\040\000F\000u\000n\000c\000t\000i\000o\000n\000\040\000D\000o\000c\000u\000m\000e\000n\000t\000a\000t\000i\000o\000n}{section.5.23}% 148
\BOOKMARK [3][-]{subsubsection.5.23.2.1}{\376\377\0005\000.\0002\0003\000.\0002\000.\0001\000\040\000D\000i\000s\000p\000l\000a\000y\000M\000e\000s\000s\000a\000g\000e\000A\000n\000d\000C\000a\000p\000t\000u\000r\000e\000D\000o\000u\000b\000l\000e\000I\000n\000p\000u\000t\000\050\000\051}{subsection.5.23.2}% 149
\BOOKMARK [3][-]{subsubsection.5.23.2.2}{\376\377\0005\000.\0002\0003\000.\0002\000.\0002\000\040\000D\000i\000s\000p\000l\000a\000y\000M\000e\000s\000s\000a\000g\000e\000A\000n\000d\000C\000a\000p\000t\000u\000r\000e\000S\000t\000r\000i\000n\000g\000I\000n\000p\000u\000t\000\050\000\051}{subsection.5.23.2}% 150
\BOOKMARK [3][-]{subsubsection.5.23.2.3}{\376\377\0005\000.\0002\0003\000.\0002\000.\0003\000\040\000D\000i\000s\000p\000l\000a\000y\000U\000s\000e\000r\000M\000e\000n\000u\000\050\000\051}{subsection.5.23.2}% 151
\BOOKMARK [3][-]{subsubsection.5.23.2.4}{\376\377\0005\000.\0002\0003\000.\0002\000.\0004\000\040\000D\000i\000s\000p\000l\000a\000y\000W\000a\000r\000n\000i\000n\000g\000A\000n\000d\000C\000a\000p\000t\000u\000r\000e\000I\000n\000p\000u\000t\000\050\000\051}{subsection.5.23.2}% 152
\BOOKMARK [3][-]{subsubsection.5.23.2.5}{\376\377\0005\000.\0002\0003\000.\0002\000.\0005\000\040\000P\000r\000i\000n\000t\000F\000u\000l\000l\000W\000i\000d\000t\000h\000S\000c\000r\000e\000e\000n\000\050\000\051}{subsection.5.23.2}% 153
\BOOKMARK [3][-]{subsubsection.5.23.2.6}{\376\377\0005\000.\0002\0003\000.\0002\000.\0006\000\040\000P\000r\000i\000n\000t\000N\000o\000d\000e\000S\000c\000r\000e\000e\000n\000\050\000\051}{subsection.5.23.2}% 154
\BOOKMARK [3][-]{subsubsection.5.23.2.7}{\376\377\0005\000.\0002\0003\000.\0002\000.\0007\000\040\000P\000r\000i\000n\000t\000S\000c\000r\000e\000e\000n\000\050\000\051}{subsection.5.23.2}% 155
\BOOKMARK [1][-]{section.5.24}{\376\377\0005\000.\0002\0004\000\040\000m\000a\000i\000n\000\137\000p\000r\000i\000n\000t\000s\000.\000h}{chapter.5}% 156
\BOOKMARK [1][-]{section.5.25}{\376\377\0005\000.\0002\0005\000\040\000l\000u\000g\000g\000a\000g\000e\000/\000i\000t\000e\000m\000/\000i\000t\000e\000m\000.\000h\000\040\000F\000i\000l\000e\000\040\000R\000e\000f\000e\000r\000e\000n\000c\000e}{chapter.5}% 157
\BOOKMARK [2][-]{subsection.5.25.1}{\376\377\0005\000.\0002\0005\000.\0001\000\040\000D\000e\000t\000a\000i\000l\000e\000d\000\040\000D\000e\000s\000c\000r\000i\000p\000t\000i\000o\000n}{section.5.25}% 158
\BOOKMARK [1][-]{section.5.26}{\376\377\0005\000.\0002\0006\000\040\000i\000t\000e\000m\000.\000h}{chapter.5}% 159
\BOOKMARK [1][-]{section.5.27}{\376\377\0005\000.\0002\0007\000\040\000l\000u\000g\000g\000a\000g\000e\000/\000i\000t\000e\000m\000/\000i\000t\000e\000m\000\137\000h\000a\000n\000d\000l\000e\000r\000.\000h\000\040\000F\000i\000l\000e\000\040\000R\000e\000f\000e\000r\000e\000n\000c\000e}{chapter.5}% 160
\BOOKMARK [2][-]{subsection.5.27.1}{\376\377\0005\000.\0002\0007\000.\0001\000\040\000D\000e\000t\000a\000i\000l\000e\000d\000\040\000D\000e\000s\000c\000r\000i\000p\000t\000i\000o\000n}{section.5.27}% 161
\BOOKMARK [2][-]{subsection.5.27.2}{\376\377\0005\000.\0002\0007\000.\0002\000\040\000F\000u\000n\000c\000t\000i\000o\000n\000\040\000D\000o\000c\000u\000m\000e\000n\000t\000a\000t\000i\000o\000n}{section.5.27}% 162
\BOOKMARK [3][-]{subsubsection.5.27.2.1}{\376\377\0005\000.\0002\0007\000.\0002\000.\0001\000\040\000G\000e\000t\000A\000r\000r\000a\000y\000V\000a\000l\000u\000e\000\050\000\051}{subsection.5.27.2}% 163
\BOOKMARK [3][-]{subsubsection.5.27.2.2}{\376\377\0005\000.\0002\0007\000.\0002\000.\0002\000\040\000G\000e\000t\000D\000o\000u\000b\000l\000e\000V\000a\000l\000u\000e\000\050\000\051}{subsection.5.27.2}% 164
\BOOKMARK [3][-]{subsubsection.5.27.2.3}{\376\377\0005\000.\0002\0007\000.\0002\000.\0003\000\040\000G\000e\000t\000I\000t\000e\000m\000s\000\050\000\051}{subsection.5.27.2}% 165
\BOOKMARK [3][-]{subsubsection.5.27.2.4}{\376\377\0005\000.\0002\0007\000.\0002\000.\0004\000\040\000G\000e\000t\000S\000t\000r\000i\000n\000g\000V\000a\000l\000u\000e\000\050\000\051}{subsection.5.27.2}% 166
\BOOKMARK [1][-]{section.5.28}{\376\377\0005\000.\0002\0008\000\040\000i\000t\000e\000m\000\137\000h\000a\000n\000d\000l\000e\000r\000.\000h}{chapter.5}% 167
\BOOKMARK [1][-]{section.5.29}{\376\377\0005\000.\0002\0009\000\040\000l\000u\000g\000g\000a\000g\000e\000/\000l\000u\000g\000g\000a\000g\000e\000.\000h\000\040\000F\000i\000l\000e\000\040\000R\000e\000f\000e\000r\000e\000n\000c\000e}{chapter.5}% 168
\BOOKMARK [2][-]{subsection.5.29.1}{\376\377\0005\000.\0002\0009\000.\0001\000\040\000D\000e\000t\000a\000i\000l\000e\000d\000\040\000D\000e\000s\000c\000r\000i\000p\000t\000i\000o\000n}{section.5.29}% 169
\BOOKMARK [1][-]{section.5.30}{\376\377\0005\000.\0003\0000\000\040\000l\000u\000g\000g\000a\000g\000e\000.\000h}{chapter.5}% 170
\BOOKMARK [1][-]{section.5.31}{\376\377\0005\000.\0003\0001\000\040\000l\000u\000g\000g\000a\000g\000e\000/\000l\000u\000g\000g\000a\000g\000e\000\137\000h\000a\000n\000d\000l\000e\000r\000.\000h\000\040\000F\000i\000l\000e\000\040\000R\000e\000f\000e\000r\000e\000n\000c\000e}{chapter.5}% 171
\BOOKMARK [2][-]{subsection.5.31.1}{\376\377\0005\000.\0003\0001\000.\0001\000\040\000D\000e\000t\000a\000i\000l\000e\000d\000\040\000D\000e\000s\000c\000r\000i\000p\000t\000i\000o\000n}{section.5.31}% 172
\BOOKMARK [2][-]{subsection.5.31.2}{\376\377\0005\000.\0003\0001\000.\0002\000\040\000F\000u\000n\000c\000t\000i\000o\000n\000\040\000D\000o\000c\000u\000m\000e\000n\000t\000a\000t\000i\000o\000n}{section.5.31}% 173
\BOOKMARK [3][-]{subsubsection.5.31.2.1}{\376\377\0005\000.\0003\0001\000.\0002\000.\0001\000\040\000C\000h\000e\000c\000k\000I\000n\000\050\000\051}{subsection.5.31.2}% 174
\BOOKMARK [1][-]{section.5.32}{\376\377\0005\000.\0003\0002\000\040\000l\000u\000g\000g\000a\000g\000e\000\137\000h\000a\000n\000d\000l\000e\000r\000.\000h}{chapter.5}% 175
\BOOKMARK [1][-]{section.5.33}{\376\377\0005\000.\0003\0003\000\040\000l\000u\000g\000g\000a\000g\000e\000/\000l\000u\000g\000g\000a\000g\000e\000\137\000p\000r\000i\000n\000t\000s\000/\000l\000u\000g\000g\000a\000g\000e\000\137\000p\000r\000i\000n\000t\000s\000.\000h\000\040\000F\000i\000l\000e\000\040\000R\000e\000f\000e\000r\000e\000n\000c\000e}{chapter.5}% 176
\BOOKMARK [2][-]{subsection.5.33.1}{\376\377\0005\000.\0003\0003\000.\0001\000\040\000D\000e\000t\000a\000i\000l\000e\000d\000\040\000D\000e\000s\000c\000r\000i\000p\000t\000i\000o\000n}{section.5.33}% 177
\BOOKMARK [2][-]{subsection.5.33.2}{\376\377\0005\000.\0003\0003\000.\0002\000\040\000F\000u\000n\000c\000t\000i\000o\000n\000\040\000D\000o\000c\000u\000m\000e\000n\000t\000a\000t\000i\000o\000n}{section.5.33}% 178
\BOOKMARK [3][-]{subsubsection.5.33.2.1}{\376\377\0005\000.\0003\0003\000.\0002\000.\0001\000\040\000C\000r\000e\000a\000t\000e\000G\000r\000o\000u\000p\000s\000\050\000\051}{subsection.5.33.2}% 179
\BOOKMARK [3][-]{subsubsection.5.33.2.2}{\376\377\0005\000.\0003\0003\000.\0002\000.\0002\000\040\000P\000r\000i\000n\000t\000A\000l\000l\000I\000t\000e\000m\000s\000\050\000\051}{subsection.5.33.2}% 180
\BOOKMARK [3][-]{subsubsection.5.33.2.3}{\376\377\0005\000.\0003\0003\000.\0002\000.\0003\000\040\000P\000r\000i\000n\000t\000S\000p\000e\000c\000i\000f\000i\000c\000I\000t\000e\000m\000\050\000\051}{subsection.5.33.2}% 181
\BOOKMARK [3][-]{subsubsection.5.33.2.4}{\376\377\0005\000.\0003\0003\000.\0002\000.\0004\000\040\000P\000r\000i\000n\000t\000W\000e\000l\000c\000o\000m\000e\000I\000n\000C\000h\000e\000c\000k\000I\000n\000\050\000\051}{subsection.5.33.2}% 182
\BOOKMARK [1][-]{section.5.34}{\376\377\0005\000.\0003\0004\000\040\000l\000u\000g\000g\000a\000g\000e\000\137\000p\000r\000i\000n\000t\000s\000.\000h}{chapter.5}% 183
\BOOKMARK [1][-]{section.5.35}{\376\377\0005\000.\0003\0005\000\040\000p\000l\000a\000n\000e\000/\000p\000l\000a\000n\000e\000.\000h\000\040\000F\000i\000l\000e\000\040\000R\000e\000f\000e\000r\000e\000n\000c\000e}{chapter.5}% 184
\BOOKMARK [2][-]{subsection.5.35.1}{\376\377\0005\000.\0003\0005\000.\0001\000\040\000D\000e\000t\000a\000i\000l\000e\000d\000\040\000D\000e\000s\000c\000r\000i\000p\000t\000i\000o\000n}{section.5.35}% 185
\BOOKMARK [2][-]{subsection.5.35.2}{\376\377\0005\000.\0003\0005\000.\0002\000\040\000F\000u\000n\000c\000t\000i\000o\000n\000\040\000D\000o\000c\000u\000m\000e\000n\000t\000a\000t\000i\000o\000n}{section.5.35}% 186
\BOOKMARK [3][-]{subsubsection.5.35.2.1}{\376\377\0005\000.\0003\0005\000.\0002\000.\0001\000\040\000P\000r\000o\000c\000e\000s\000s\000S\000e\000a\000t\000S\000e\000l\000e\000c\000t\000i\000o\000n\000A\000n\000d\000P\000u\000r\000c\000h\000a\000s\000e\000\050\000\051}{subsection.5.35.2}% 187
\BOOKMARK [1][-]{section.5.36}{\376\377\0005\000.\0003\0006\000\040\000p\000l\000a\000n\000e\000.\000h}{chapter.5}% 188
\BOOKMARK [1][-]{section.5.37}{\376\377\0005\000.\0003\0007\000\040\000q\000r\000\137\000c\000o\000d\000e\000/\000q\000r\000c\000o\000d\000e\000\137\000p\000r\000i\000n\000t\000s\000.\000h\000\040\000F\000i\000l\000e\000\040\000R\000e\000f\000e\000r\000e\000n\000c\000e}{chapter.5}% 189
\BOOKMARK [2][-]{subsection.5.37.1}{\376\377\0005\000.\0003\0007\000.\0001\000\040\000D\000e\000t\000a\000i\000l\000e\000d\000\040\000D\000e\000s\000c\000r\000i\000p\000t\000i\000o\000n}{section.5.37}% 190
\BOOKMARK [2][-]{subsection.5.37.2}{\376\377\0005\000.\0003\0007\000.\0002\000\040\000F\000u\000n\000c\000t\000i\000o\000n\000\040\000D\000o\000c\000u\000m\000e\000n\000t\000a\000t\000i\000o\000n}{section.5.37}% 191
\BOOKMARK [3][-]{subsubsection.5.37.2.1}{\376\377\0005\000.\0003\0007\000.\0002\000.\0001\000\040\000C\000r\000e\000a\000t\000e\000Q\000r\000\050\000\051}{subsection.5.37.2}% 192
\BOOKMARK [3][-]{subsubsection.5.37.2.2}{\376\377\0005\000.\0003\0007\000.\0002\000.\0002\000\040\000P\000r\000i\000n\000t\000Q\000r\000\050\000\051}{subsection.5.37.2}% 193
\BOOKMARK [1][-]{section.5.38}{\376\377\0005\000.\0003\0008\000\040\000q\000r\000c\000o\000d\000e\000\137\000p\000r\000i\000n\000t\000s\000.\000h}{chapter.5}% 194
\BOOKMARK [1][-]{section.5.39}{\376\377\0005\000.\0003\0009\000\040\000t\000i\000c\000k\000e\000t\000s\000/\000t\000i\000c\000k\000e\000t\000s\000.\000h\000\040\000F\000i\000l\000e\000\040\000R\000e\000f\000e\000r\000e\000n\000c\000e}{chapter.5}% 195
\BOOKMARK [2][-]{subsection.5.39.1}{\376\377\0005\000.\0003\0009\000.\0001\000\040\000D\000e\000t\000a\000i\000l\000e\000d\000\040\000D\000e\000s\000c\000r\000i\000p\000t\000i\000o\000n}{section.5.39}% 196
\BOOKMARK [2][-]{subsection.5.39.2}{\376\377\0005\000.\0003\0009\000.\0002\000\040\000F\000u\000n\000c\000t\000i\000o\000n\000\040\000D\000o\000c\000u\000m\000e\000n\000t\000a\000t\000i\000o\000n}{section.5.39}% 197
\BOOKMARK [3][-]{subsubsection.5.39.2.1}{\376\377\0005\000.\0003\0009\000.\0002\000.\0001\000\040\000H\000a\000n\000d\000l\000e\000B\000u\000y\000T\000i\000c\000k\000e\000t\000\050\000\051}{subsection.5.39.2}% 198
\BOOKMARK [3][-]{subsubsection.5.39.2.2}{\376\377\0005\000.\0003\0009\000.\0002\000.\0002\000\040\000H\000a\000n\000d\000l\000e\000F\000l\000i\000g\000h\000t\000B\000y\000D\000a\000t\000a\000\050\000\051}{subsection.5.39.2}% 199
\BOOKMARK [3][-]{subsubsection.5.39.2.3}{\376\377\0005\000.\0003\0009\000.\0002\000.\0003\000\040\000H\000a\000n\000d\000l\000e\000F\000l\000i\000g\000h\000t\000B\000y\000I\000d\000\050\000\051}{subsection.5.39.2}% 200
\BOOKMARK [3][-]{subsubsection.5.39.2.4}{\376\377\0005\000.\0003\0009\000.\0002\000.\0004\000\040\000H\000a\000n\000d\000l\000e\000T\000i\000c\000k\000e\000t\000C\000h\000o\000i\000c\000e\000\050\000\051}{subsection.5.39.2}% 201
\BOOKMARK [3][-]{subsubsection.5.39.2.5}{\376\377\0005\000.\0003\0009\000.\0002\000.\0005\000\040\000P\000r\000o\000c\000e\000s\000s\000P\000u\000r\000c\000h\000a\000s\000e\000\050\000\051}{subsection.5.39.2}% 202
\BOOKMARK [1][-]{section.5.40}{\376\377\0005\000.\0004\0000\000\040\000t\000i\000c\000k\000e\000t\000s\000.\000h}{chapter.5}% 203
\BOOKMARK [1][-]{section.5.41}{\376\377\0005\000.\0004\0001\000\040\000u\000s\000e\000r\000/\000d\000i\000s\000c\000o\000u\000n\000t\000s\000/\000d\000i\000s\000c\000o\000u\000n\000t\000s\000.\000h\000\040\000F\000i\000l\000e\000\040\000R\000e\000f\000e\000r\000e\000n\000c\000e}{chapter.5}% 204
\BOOKMARK [2][-]{subsection.5.41.1}{\376\377\0005\000.\0004\0001\000.\0001\000\040\000D\000e\000t\000a\000i\000l\000e\000d\000\040\000D\000e\000s\000c\000r\000i\000p\000t\000i\000o\000n}{section.5.41}% 205
\BOOKMARK [2][-]{subsection.5.41.2}{\376\377\0005\000.\0004\0001\000.\0002\000\040\000F\000u\000n\000c\000t\000i\000o\000n\000\040\000D\000o\000c\000u\000m\000e\000n\000t\000a\000t\000i\000o\000n}{section.5.41}% 206
\BOOKMARK [3][-]{subsubsection.5.41.2.1}{\376\377\0005\000.\0004\0001\000.\0002\000.\0001\000\040\000G\000e\000t\000D\000i\000s\000c\000o\000u\000n\000t\000\050\000\051}{subsection.5.41.2}% 207
\BOOKMARK [3][-]{subsubsection.5.41.2.2}{\376\377\0005\000.\0004\0001\000.\0002\000.\0002\000\040\000H\000a\000n\000d\000l\000e\000D\000i\000s\000c\000o\000u\000n\000t\000C\000h\000o\000i\000c\000e\000\050\000\051}{subsection.5.41.2}% 208
\BOOKMARK [3][-]{subsubsection.5.41.2.3}{\376\377\0005\000.\0004\0001\000.\0002\000.\0003\000\040\000P\000r\000i\000n\000t\000D\000i\000s\000c\000o\000u\000n\000t\000C\000a\000r\000d\000\050\000\051}{subsection.5.41.2}% 209
\BOOKMARK [1][-]{section.5.42}{\376\377\0005\000.\0004\0002\000\040\000d\000i\000s\000c\000o\000u\000n\000t\000s\000.\000h}{chapter.5}% 210
\BOOKMARK [1][-]{section.5.43}{\376\377\0005\000.\0004\0003\000\040\000u\000s\000e\000r\000/\000p\000r\000e\000m\000i\000u\000m\000\137\000c\000a\000r\000d\000s\000/\000p\000r\000e\000m\000i\000u\000m\000\137\000c\000a\000r\000d\000s\000.\000h\000\040\000F\000i\000l\000e\000\040\000R\000e\000f\000e\000r\000e\000n\000c\000e}{chapter.5}% 211
\BOOKMARK [2][-]{subsection.5.43.1}{\376\377\0005\000.\0004\0003\000.\0001\000\040\000D\000e\000t\000a\000i\000l\000e\000d\000\040\000D\000e\000s\000c\000r\000i\000p\000t\000i\000o\000n}{section.5.43}% 212
\BOOKMARK [2][-]{subsection.5.43.2}{\376\377\0005\000.\0004\0003\000.\0002\000\040\000F\000u\000n\000c\000t\000i\000o\000n\000\040\000D\000o\000c\000u\000m\000e\000n\000t\000a\000t\000i\000o\000n}{section.5.43}% 213
\BOOKMARK [3][-]{subsubsection.5.43.2.1}{\376\377\0005\000.\0004\0003\000.\0002\000.\0001\000\040\000G\000e\000t\000C\000a\000r\000d\000D\000i\000s\000c\000o\000u\000n\000t\000\050\000\051}{subsection.5.43.2}% 214
\BOOKMARK [3][-]{subsubsection.5.43.2.2}{\376\377\0005\000.\0004\0003\000.\0002\000.\0002\000\040\000H\000a\000n\000d\000l\000e\000C\000a\000r\000d\000C\000h\000o\000i\000c\000e\000\050\000\051}{subsection.5.43.2}% 215
\BOOKMARK [3][-]{subsubsection.5.43.2.3}{\376\377\0005\000.\0004\0003\000.\0002\000.\0003\000\040\000H\000a\000n\000d\000l\000e\000P\000r\000e\000m\000i\000u\000m\000C\000a\000r\000d\000\050\000\051}{subsection.5.43.2}% 216
\BOOKMARK [3][-]{subsubsection.5.43.2.4}{\376\377\0005\000.\0004\0003\000.\0002\000.\0004\000\040\000R\000e\000c\000o\000g\000n\000i\000z\000e\000D\000i\000s\000c\000o\000u\000n\000t\000C\000a\000r\000d\000\050\000\051}{subsection.5.43.2}% 217
\BOOKMARK [1][-]{section.5.44}{\376\377\0005\000.\0004\0004\000\040\000p\000r\000e\000m\000i\000u\000m\000\137\000c\000a\000r\000d\000s\000.\000h}{chapter.5}% 218
\BOOKMARK [1][-]{section.5.45}{\376\377\0005\000.\0004\0005\000\040\000u\000s\000e\000r\000/\000p\000r\000o\000f\000e\000s\000s\000i\000o\000n\000s\000/\000p\000r\000o\000f\000e\000s\000s\000i\000o\000n\000\137\000c\000h\000o\000i\000c\000e\000.\000h\000\040\000F\000i\000l\000e\000\040\000R\000e\000f\000e\000r\000e\000n\000c\000e}{chapter.5}% 219
\BOOKMARK [2][-]{subsection.5.45.1}{\376\377\0005\000.\0004\0005\000.\0001\000\040\000D\000e\000t\000a\000i\000l\000e\000d\000\040\000D\000e\000s\000c\000r\000i\000p\000t\000i\000o\000n}{section.5.45}% 220
\BOOKMARK [2][-]{subsection.5.45.2}{\376\377\0005\000.\0004\0005\000.\0002\000\040\000F\000u\000n\000c\000t\000i\000o\000n\000\040\000D\000o\000c\000u\000m\000e\000n\000t\000a\000t\000i\000o\000n}{section.5.45}% 221
\BOOKMARK [3][-]{subsubsection.5.45.2.1}{\376\377\0005\000.\0004\0005\000.\0002\000.\0001\000\040\000D\000o\000c\000t\000o\000r\000P\000r\000o\000f\000e\000s\000s\000i\000o\000n\000\050\000\051}{subsection.5.45.2}% 222
\BOOKMARK [3][-]{subsubsection.5.45.2.2}{\376\377\0005\000.\0004\0005\000.\0002\000.\0002\000\040\000I\000n\000f\000o\000r\000m\000a\000t\000i\000c\000P\000r\000o\000f\000e\000s\000s\000i\000o\000n\000\050\000\051}{subsection.5.45.2}% 223
\BOOKMARK [3][-]{subsubsection.5.45.2.3}{\376\377\0005\000.\0004\0005\000.\0002\000.\0003\000\040\000M\000a\000t\000h\000P\000r\000o\000f\000e\000s\000s\000i\000o\000n\000\050\000\051}{subsection.5.45.2}% 224
\BOOKMARK [3][-]{subsubsection.5.45.2.4}{\376\377\0005\000.\0004\0005\000.\0002\000.\0004\000\040\000M\000u\000s\000i\000c\000P\000r\000o\000f\000e\000s\000s\000i\000o\000n\000\050\000\051}{subsection.5.45.2}% 225
\BOOKMARK [3][-]{subsubsection.5.45.2.5}{\376\377\0005\000.\0004\0005\000.\0002\000.\0005\000\040\000P\000o\000l\000i\000c\000e\000P\000r\000o\000f\000e\000s\000s\000i\000o\000n\000\050\000\051}{subsection.5.45.2}% 226
\BOOKMARK [1][-]{section.5.46}{\376\377\0005\000.\0004\0006\000\040\000p\000r\000o\000f\000e\000s\000s\000i\000o\000n\000\137\000c\000h\000o\000i\000c\000e\000.\000h}{chapter.5}% 227
\BOOKMARK [1][-]{section.5.47}{\376\377\0005\000.\0004\0007\000\040\000u\000s\000e\000r\000/\000p\000r\000o\000f\000e\000s\000s\000i\000o\000n\000s\000/\000p\000r\000o\000f\000e\000s\000s\000i\000o\000n\000\137\000h\000a\000n\000d\000l\000e\000r\000.\000h\000\040\000F\000i\000l\000e\000\040\000R\000e\000f\000e\000r\000e\000n\000c\000e}{chapter.5}% 228
\BOOKMARK [2][-]{subsection.5.47.1}{\376\377\0005\000.\0004\0007\000.\0001\000\040\000D\000e\000t\000a\000i\000l\000e\000d\000\040\000D\000e\000s\000c\000r\000i\000p\000t\000i\000o\000n}{section.5.47}% 229
\BOOKMARK [2][-]{subsection.5.47.2}{\376\377\0005\000.\0004\0007\000.\0002\000\040\000F\000u\000n\000c\000t\000i\000o\000n\000\040\000D\000o\000c\000u\000m\000e\000n\000t\000a\000t\000i\000o\000n}{section.5.47}% 230
\BOOKMARK [3][-]{subsubsection.5.47.2.1}{\376\377\0005\000.\0004\0007\000.\0002\000.\0001\000\040\000D\000i\000s\000p\000l\000a\000y\000P\000o\000l\000i\000c\000e\000P\000r\000o\000f\000e\000s\000s\000i\000o\000n\000\050\000\051}{subsection.5.47.2}% 231
\BOOKMARK [3][-]{subsubsection.5.47.2.2}{\376\377\0005\000.\0004\0007\000.\0002\000.\0002\000\040\000G\000u\000e\000s\000s\000D\000o\000c\000t\000o\000r\000Q\000u\000e\000s\000t\000i\000o\000n\000\050\000\051}{subsection.5.47.2}% 232
\BOOKMARK [3][-]{subsubsection.5.47.2.3}{\376\377\0005\000.\0004\0007\000.\0002\000.\0003\000\040\000G\000u\000e\000s\000s\000I\000n\000f\000o\000r\000m\000a\000t\000i\000c\000Q\000u\000e\000s\000t\000i\000o\000n\000\050\000\051}{subsection.5.47.2}% 233
\BOOKMARK [3][-]{subsubsection.5.47.2.4}{\376\377\0005\000.\0004\0007\000.\0002\000.\0004\000\040\000G\000u\000e\000s\000s\000M\000a\000t\000h\000Q\000u\000e\000s\000t\000i\000o\000n\000\050\000\051}{subsection.5.47.2}% 234
\BOOKMARK [3][-]{subsubsection.5.47.2.5}{\376\377\0005\000.\0004\0007\000.\0002\000.\0005\000\040\000G\000u\000e\000s\000s\000M\000u\000s\000i\000c\000A\000u\000t\000h\000o\000r\000\050\000\051}{subsection.5.47.2}% 235
\BOOKMARK [1][-]{section.5.48}{\376\377\0005\000.\0004\0008\000\040\000p\000r\000o\000f\000e\000s\000s\000i\000o\000n\000\137\000h\000a\000n\000d\000l\000e\000r\000.\000h}{chapter.5}% 236
\BOOKMARK [1][-]{section.5.49}{\376\377\0005\000.\0004\0009\000\040\000u\000s\000e\000r\000/\000p\000r\000o\000f\000e\000s\000s\000i\000o\000n\000s\000/\000p\000r\000o\000f\000e\000s\000s\000i\000o\000n\000\137\000p\000r\000i\000n\000t\000s\000/\000p\000r\000o\000f\000e\000s\000s\000i\000o\000n\000\137\000p\000r\000i\000n\000t\000s\000.\000h\000\040\000F\000i\000l\000e\000\040\000R\000e\000f\000e\000r\000e\000n\000c\000e}{chapter.5}% 237
\BOOKMARK [2][-]{subsection.5.49.1}{\376\377\0005\000.\0004\0009\000.\0001\000\040\000D\000e\000t\000a\000i\000l\000e\000d\000\040\000D\000e\000s\000c\000r\000i\000p\000t\000i\000o\000n}{section.5.49}% 238
\BOOKMARK [2][-]{subsection.5.49.2}{\376\377\0005\000.\0004\0009\000.\0002\000\040\000F\000u\000n\000c\000t\000i\000o\000n\000\040\000D\000o\000c\000u\000m\000e\000n\000t\000a\000t\000i\000o\000n}{section.5.49}% 239
\BOOKMARK [3][-]{subsubsection.5.49.2.1}{\376\377\0005\000.\0004\0009\000.\0002\000.\0001\000\040\000C\000r\000e\000a\000t\000e\000P\000r\000o\000f\000e\000s\000s\000i\000o\000n\000S\000c\000r\000e\000e\000n\000\050\000\051}{subsection.5.49.2}% 240
\BOOKMARK [3][-]{subsubsection.5.49.2.2}{\376\377\0005\000.\0004\0009\000.\0002\000.\0002\000\040\000D\000i\000s\000p\000l\000a\000y\000P\000r\000o\000f\000e\000s\000s\000i\000o\000n\000I\000n\000f\000o\000\050\000\051}{subsection.5.49.2}% 241
\BOOKMARK [3][-]{subsubsection.5.49.2.3}{\376\377\0005\000.\0004\0009\000.\0002\000.\0003\000\040\000V\000a\000l\000i\000d\000A\000n\000s\000w\000e\000r\000\050\000\051}{subsection.5.49.2}% 242
\BOOKMARK [1][-]{section.5.50}{\376\377\0005\000.\0005\0000\000\040\000p\000r\000o\000f\000e\000s\000s\000i\000o\000n\000\137\000p\000r\000i\000n\000t\000s\000.\000h}{chapter.5}% 243
\BOOKMARK [1][-]{section.5.51}{\376\377\0005\000.\0005\0001\000\040\000u\000s\000e\000r\000/\000p\000r\000o\000f\000e\000s\000s\000i\000o\000n\000s\000/\000u\000s\000e\000r\000\137\000p\000r\000o\000f\000e\000s\000s\000i\000o\000n\000\137\000f\000u\000n\000c\000t\000i\000o\000n\000s\000.\000h\000\040\000F\000i\000l\000e\000\040\000R\000e\000f\000e\000r\000e\000n\000c\000e}{chapter.5}% 244
\BOOKMARK [2][-]{subsection.5.51.1}{\376\377\0005\000.\0005\0001\000.\0001\000\040\000D\000e\000t\000a\000i\000l\000e\000d\000\040\000D\000e\000s\000c\000r\000i\000p\000t\000i\000o\000n}{section.5.51}% 245
\BOOKMARK [2][-]{subsection.5.51.2}{\376\377\0005\000.\0005\0001\000.\0002\000\040\000F\000u\000n\000c\000t\000i\000o\000n\000\040\000D\000o\000c\000u\000m\000e\000n\000t\000a\000t\000i\000o\000n}{section.5.51}% 246
\BOOKMARK [3][-]{subsubsection.5.51.2.1}{\376\377\0005\000.\0005\0001\000.\0002\000.\0001\000\040\000H\000a\000n\000d\000l\000e\000P\000r\000o\000f\000e\000s\000s\000i\000o\000n\000\050\000\051}{subsection.5.51.2}% 247
\BOOKMARK [3][-]{subsubsection.5.51.2.2}{\376\377\0005\000.\0005\0001\000.\0002\000.\0002\000\040\000H\000a\000n\000d\000l\000e\000P\000r\000o\000f\000e\000s\000s\000i\000o\000n\000C\000h\000o\000i\000c\000e\000\050\000\051}{subsection.5.51.2}% 248
\BOOKMARK [1][-]{section.5.52}{\376\377\0005\000.\0005\0002\000\040\000u\000s\000e\000r\000\137\000p\000r\000o\000f\000e\000s\000s\000i\000o\000n\000\137\000f\000u\000n\000c\000t\000i\000o\000n\000s\000.\000h}{chapter.5}% 249
\BOOKMARK [1][-]{section.5.53}{\376\377\0005\000.\0005\0003\000\040\000u\000s\000e\000r\000/\000u\000s\000e\000r\000.\000h\000\040\000F\000i\000l\000e\000\040\000R\000e\000f\000e\000r\000e\000n\000c\000e}{chapter.5}% 250
\BOOKMARK [2][-]{subsection.5.53.1}{\376\377\0005\000.\0005\0003\000.\0001\000\040\000D\000e\000t\000a\000i\000l\000e\000d\000\040\000D\000e\000s\000c\000r\000i\000p\000t\000i\000o\000n}{section.5.53}% 251
\BOOKMARK [1][-]{section.5.54}{\376\377\0005\000.\0005\0004\000\040\000u\000s\000e\000r\000.\000h}{chapter.5}% 252
\BOOKMARK [1][-]{section.5.55}{\376\377\0005\000.\0005\0005\000\040\000u\000s\000e\000r\000/\000u\000s\000e\000r\000\137\000f\000u\000n\000c\000t\000i\000o\000n\000s\000/\000u\000s\000e\000r\000\137\000p\000a\000y\000m\000e\000n\000t\000s\000/\000u\000s\000e\000r\000\137\000p\000a\000y\000m\000e\000n\000t\000\137\000f\000u\000n\000c\000t\000i\000o\000n\000s\000.\000h\000\040\000F\000i\000l\000e\000\040\000R\000e\000f\000e\000r\000e\000n\000c\000e}{chapter.5}% 253
\BOOKMARK [2][-]{subsection.5.55.1}{\376\377\0005\000.\0005\0005\000.\0001\000\040\000D\000e\000t\000a\000i\000l\000e\000d\000\040\000D\000e\000s\000c\000r\000i\000p\000t\000i\000o\000n}{section.5.55}% 254
\BOOKMARK [2][-]{subsection.5.55.2}{\376\377\0005\000.\0005\0005\000.\0002\000\040\000F\000u\000n\000c\000t\000i\000o\000n\000\040\000D\000o\000c\000u\000m\000e\000n\000t\000a\000t\000i\000o\000n}{section.5.55}% 255
\BOOKMARK [3][-]{subsubsection.5.55.2.1}{\376\377\0005\000.\0005\0005\000.\0002\000.\0001\000\040\000A\000u\000t\000h\000e\000n\000t\000i\000c\000a\000t\000e\000P\000a\000y\000m\000e\000n\000t\000\050\000\051}{subsection.5.55.2}% 256
\BOOKMARK [3][-]{subsubsection.5.55.2.2}{\376\377\0005\000.\0005\0005\000.\0002\000.\0002\000\040\000H\000a\000n\000d\000l\000e\000P\000a\000y\000m\000e\000n\000t\000O\000p\000t\000i\000o\000n\000\050\000\051}{subsection.5.55.2}% 257
\BOOKMARK [1][-]{section.5.56}{\376\377\0005\000.\0005\0006\000\040\000u\000s\000e\000r\000\137\000p\000a\000y\000m\000e\000n\000t\000\137\000f\000u\000n\000c\000t\000i\000o\000n\000s\000.\000h}{chapter.5}% 258
\BOOKMARK [1][-]{section.5.57}{\376\377\0005\000.\0005\0007\000\040\000u\000s\000e\000r\000\137\000p\000r\000i\000n\000t\000s\000.\000h}{chapter.5}% 259
\BOOKMARK [1][-]{section.5.58}{\376\377\0005\000.\0005\0008\000\040\000u\000s\000e\000r\000\137\000s\000e\000t\000t\000i\000n\000g\000s\000\137\000h\000a\000n\000d\000l\000e\000r\000.\000h}{chapter.5}% 260
\BOOKMARK [1][-]{section.5.59}{\376\377\0005\000.\0005\0009\000\040\000u\000s\000e\000r\000\137\000t\000i\000c\000k\000e\000t\000s\000\137\000p\000r\000i\000n\000t\000s\000.\000h}{chapter.5}% 261
\BOOKMARK [0][-]{section*.49}{\376\377\000I\000n\000d\000e\000x}{}% 262
